<?xml version="1.0" encoding="UTF-8"?>
<testsuite xmlns:xsi="http://www.w3.org/2001/XMLSchema-instance" xsi:noNamespaceSchemaLocation="https://maven.apache.org/surefire/maven-surefire-plugin/xsd/surefire-test-report-3.0.xsd" version="3.0" name="com.example.blogalchemy.BlogalchemyApplicationTests" time="4.412" tests="1" errors="0" skipped="0" failures="0">
  <properties>
[...]
</properties>
  <testcase name="contextLoads" classname="com.example.blogalchemy.BlogalchemyApplicationTests" time="0.381">
    <system-out><![CDATA[20:43:20.149 [main] INFO org.springframework.test.context.support.AnnotationConfigContextLoaderUtils -- Could not detect default configuration classes for test class [com.example.blogalchemy.BlogalchemyApplicationTests]: BlogalchemyApplicationTests does not declare any static, non-private, non-final, nested classes annotated with @Configuration.
20:43:20.232 [main] INFO org.springframework.boot.test.context.SpringBootTestContextBootstrapper -- Found @SpringBootConfiguration com.example.blogalchemy.BlogalchemyApplication for test class com.example.blogalchemy.BlogalchemyApplicationTests

  .   ____          _            __ _ _
 /\\ / ___'_ __ _ _(_)_ __  __ _ \ \ \ \
( ( )\___ | '_ | '_| | '_ \/ _` | \ \ \ \
 \\/  ___)| |_)| | | | | || (_| |  ) ) ) )
  '  |____| .__|_| |_|_| |_\__, | / / / /
 =========|_|==============|___/=/_/_/_/

 :: Spring Boot ::                (v3.3.2)

2024-09-25T20:43:20.579-04:00  INFO 12841 --- [blogalchemy] [           main] c.e.b.BlogalchemyApplicationTests        : Starting BlogalchemyApplicationTests using Java 22.0.1 with PID 12841 (started by vidyasagar in /Users/vidyasagar/Documents/GitHub/Git Repositories/BlogAlchemy/blogalchemy)
2024-09-25T20:43:20.580-04:00 DEBUG 12841 --- [blogalchemy] [           main] c.e.b.BlogalchemyApplicationTests        : Running with Spring Boot v3.3.2, Spring v6.1.11
2024-09-25T20:43:20.580-04:00  INFO 12841 --- [blogalchemy] [           main] c.e.b.BlogalchemyApplicationTests        : No active profile set, falling back to 1 default profile: "default"
2024-09-25T20:43:20.619-04:00 DEBUG 12841 --- [blogalchemy] [           main] o.s.w.c.s.GenericWebApplicationContext   : Refreshing org.springframework.web.context.support.GenericWebApplicationContext@2a492f2a
2024-09-25T20:43:21.122-04:00  INFO 12841 --- [blogalchemy] [           main] .s.d.r.c.RepositoryConfigurationDelegate : Bootstrapping Spring Data JPA repositories in DEFAULT mode.
2024-09-25T20:43:21.162-04:00  INFO 12841 --- [blogalchemy] [           main] .s.d.r.c.RepositoryConfigurationDelegate : Finished Spring Data repository scanning in 34 ms. Found 4 JPA repository interfaces.
2024-09-25T20:43:21.528-04:00  INFO 12841 --- [blogalchemy] [           main] o.hibernate.jpa.internal.util.LogHelper  : HHH000204: Processing PersistenceUnitInfo [name: default]
2024-09-25T20:43:21.561-04:00  INFO 12841 --- [blogalchemy] [           main] org.hibernate.Version                    : HHH000412: Hibernate ORM core version 6.5.2.Final
2024-09-25T20:43:21.578-04:00  INFO 12841 --- [blogalchemy] [           main] o.h.c.internal.RegionFactoryInitiator    : HHH000026: Second-level cache disabled
2024-09-25T20:43:21.752-04:00  INFO 12841 --- [blogalchemy] [           main] o.s.o.j.p.SpringPersistenceUnitInfo      : No LoadTimeWeaver setup: ignoring JPA class transformer
2024-09-25T20:43:21.766-04:00  INFO 12841 --- [blogalchemy] [           main] com.zaxxer.hikari.HikariDataSource       : HikariPool-1 - Starting...
2024-09-25T20:43:21.928-04:00  INFO 12841 --- [blogalchemy] [           main] com.zaxxer.hikari.pool.HikariPool        : HikariPool-1 - Added connection org.postgresql.jdbc.PgConnection@68b7bdcb
2024-09-25T20:43:21.929-04:00  INFO 12841 --- [blogalchemy] [           main] com.zaxxer.hikari.HikariDataSource       : HikariPool-1 - Start completed.
2024-09-25T20:43:21.960-04:00  WARN 12841 --- [blogalchemy] [           main] org.hibernate.orm.deprecation            : HHH90000025: PostgreSQLDialect does not need to be specified explicitly using 'hibernate.dialect' (remove the property setting and it will be selected by default)
2024-09-25T20:43:22.496-04:00  INFO 12841 --- [blogalchemy] [           main] o.h.e.t.j.p.i.JtaPlatformInitiator       : HHH000489: No JTA platform available (set 'hibernate.transaction.jta.platform' to enable JTA platform integration)
2024-09-25T20:43:22.609-04:00  INFO 12841 --- [blogalchemy] [           main] j.LocalContainerEntityManagerFactoryBean : Initialized JPA EntityManagerFactory for persistence unit 'default'
2024-09-25T20:43:22.739-04:00  INFO 12841 --- [blogalchemy] [           main] o.s.d.j.r.query.QueryEnhancerFactory     : Hibernate is in classpath; If applicable, HQL parser will be used.
2024-09-25T20:43:23.383-04:00  WARN 12841 --- [blogalchemy] [           main] JpaBaseConfiguration$JpaWebConfiguration : spring.jpa.open-in-view is enabled by default. Therefore, database queries may be performed during view rendering. Explicitly configure spring.jpa.open-in-view to disable this warning
2024-09-25T20:43:23.413-04:00  INFO 12841 --- [blogalchemy] [           main] r$InitializeUserDetailsManagerConfigurer : Global AuthenticationManager configured with UserDetailsService bean with name userDetailsServiceImpl
2024-09-25T20:43:23.525-04:00 DEBUG 12841 --- [blogalchemy] [           main] s.w.s.m.m.a.RequestMappingHandlerMapping : 18 mappings in 'requestMappingHandlerMapping'
2024-09-25T20:43:23.662-04:00 DEBUG 12841 --- [blogalchemy] [           main] o.s.w.s.handler.SimpleUrlHandlerMapping  : Patterns [/webjars/**, /**, /uploads/**] in 'resourceHandlerMapping'
2024-09-25T20:43:23.706-04:00 DEBUG 12841 --- [blogalchemy] [           main] o.s.s.web.DefaultSecurityFilterChain     : Will secure any request with filters: DisableEncodeUrlFilter, WebAsyncManagerIntegrationFilter, SecurityContextHolderFilter, HeaderWriterFilter, CorsFilter, CsrfFilter, LogoutFilter, UsernamePasswordAuthenticationFilter, RequestCacheAwareFilter, SecurityContextHolderAwareRequestFilter, AnonymousAuthenticationFilter, ExceptionTranslationFilter, AuthorizationFilter
2024-09-25T20:43:23.856-04:00 DEBUG 12841 --- [blogalchemy] [           main] s.w.s.m.m.a.RequestMappingHandlerAdapter : ControllerAdvice beans: 0 @ModelAttribute, 0 @InitBinder, 1 RequestBodyAdvice, 1 ResponseBodyAdvice
2024-09-25T20:43:23.880-04:00 DEBUG 12841 --- [blogalchemy] [           main] .m.m.a.ExceptionHandlerExceptionResolver : ControllerAdvice beans: 0 @ExceptionHandler, 1 ResponseBodyAdvice
2024-09-25T20:43:23.978-04:00  INFO 12841 --- [blogalchemy] [           main] c.e.b.BlogalchemyApplicationTests        : Started BlogalchemyApplicationTests in 3.646 seconds (process running for 4.547)
]]></system-out>
    <system-err><![CDATA[WARNING: A Java agent has been loaded dynamically (/Users/vidyasagar/.m2/repository/net/bytebuddy/byte-buddy-agent/1.14.18/byte-buddy-agent-1.14.18.jar)
WARNING: If a serviceability tool is in use, please run with -XX:+EnableDynamicAgentLoading to hide this warning
WARNING: If a serviceability tool is not in use, please run with -Djdk.instrument.traceUsage for more information
WARNING: Dynamic loading of agents will be disallowed by default in a future release
]]></system-err>
  </testcase>
</testsuite>