<?xml version="1.0" encoding="UTF-8"?>
<testsuite xmlns:xsi="http://www.w3.org/2001/XMLSchema-instance" xsi:noNamespaceSchemaLocation="https://maven.apache.org/surefire/maven-surefire-plugin/xsd/surefire-test-report-3.0.xsd" version="3.0" name="com.example.blogalchemy.BlogalchemyApplicationTests" time="2.259" tests="1" errors="0" skipped="0" failures="0">
  <properties>
[...]
</properties>
  <testcase name="contextLoads" classname="com.example.blogalchemy.BlogalchemyApplicationTests" time="0.294">
    <system-out><![CDATA[20:35:21.422 [main] INFO org.springframework.test.context.support.AnnotationConfigContextLoaderUtils -- Could not detect default configuration classes for test class [com.example.blogalchemy.BlogalchemyApplicationTests]: BlogalchemyApplicationTests does not declare any static, non-private, non-final, nested classes annotated with @Configuration.
20:35:21.466 [main] INFO org.springframework.boot.test.context.SpringBootTestContextBootstrapper -- Found @SpringBootConfiguration com.example.blogalchemy.BlogalchemyApplication for test class com.example.blogalchemy.BlogalchemyApplicationTests
20:35:21.532 [main] INFO org.springframework.boot.devtools.restart.RestartApplicationListener -- Restart disabled due to context in which it is running

  .   ____          _            __ _ _
 /\\ / ___'_ __ _ _(_)_ __  __ _ \ \ \ \
( ( )\___ | '_ | '_| | '_ \/ _` | \ \ \ \
 \\/  ___)| |_)| | | | | || (_| |  ) ) ) )
  '  |____| .__|_| |_|_| |_\__, | / / / /
 =========|_|==============|___/=/_/_/_/

 :: Spring Boot ::                (v3.3.2)

2024-09-16T20:35:21.679-04:00  INFO 21590 --- [blogalchemy] [           main] c.e.b.BlogalchemyApplicationTests        : Starting BlogalchemyApplicationTests using Java 22.0.1 with PID 21590 (started by vidyasagar in /Users/vidyasagar/Documents/GitHub/Git Repositories/BlogAlchemy/blogalchemy)
2024-09-16T20:35:21.679-04:00  INFO 21590 --- [blogalchemy] [           main] c.e.b.BlogalchemyApplicationTests        : No active profile set, falling back to 1 default profile: "default"
2024-09-16T20:35:21.697-04:00 DEBUG 21590 --- [blogalchemy] [           main] o.s.w.c.s.GenericWebApplicationContext   : Refreshing org.springframework.web.context.support.GenericWebApplicationContext@f31c0c6
2024-09-16T20:35:21.961-04:00  INFO 21590 --- [blogalchemy] [           main] .s.d.r.c.RepositoryConfigurationDelegate : Bootstrapping Spring Data JPA repositories in DEFAULT mode.
2024-09-16T20:35:21.981-04:00  INFO 21590 --- [blogalchemy] [           main] .s.d.r.c.RepositoryConfigurationDelegate : Finished Spring Data repository scanning in 17 ms. Found 2 JPA repository interfaces.
2024-09-16T20:35:22.173-04:00  INFO 21590 --- [blogalchemy] [           main] o.hibernate.jpa.internal.util.LogHelper  : HHH000204: Processing PersistenceUnitInfo [name: default]
2024-09-16T20:35:22.199-04:00  INFO 21590 --- [blogalchemy] [           main] org.hibernate.Version                    : HHH000412: Hibernate ORM core version 6.5.2.Final
2024-09-16T20:35:22.213-04:00  INFO 21590 --- [blogalchemy] [           main] o.h.c.internal.RegionFactoryInitiator    : HHH000026: Second-level cache disabled
2024-09-16T20:35:22.346-04:00  INFO 21590 --- [blogalchemy] [           main] o.s.o.j.p.SpringPersistenceUnitInfo      : No LoadTimeWeaver setup: ignoring JPA class transformer
2024-09-16T20:35:22.357-04:00  INFO 21590 --- [blogalchemy] [           main] com.zaxxer.hikari.HikariDataSource       : HikariPool-1 - Starting...
2024-09-16T20:35:22.493-04:00  INFO 21590 --- [blogalchemy] [           main] com.zaxxer.hikari.pool.HikariPool        : HikariPool-1 - Added connection org.postgresql.jdbc.PgConnection@7c5f29c6
2024-09-16T20:35:22.494-04:00  INFO 21590 --- [blogalchemy] [           main] com.zaxxer.hikari.HikariDataSource       : HikariPool-1 - Start completed.
2024-09-16T20:35:22.519-04:00  WARN 21590 --- [blogalchemy] [           main] org.hibernate.orm.deprecation            : HHH90000025: PostgreSQLDialect does not need to be specified explicitly using 'hibernate.dialect' (remove the property setting and it will be selected by default)
2024-09-16T20:35:22.885-04:00  INFO 21590 --- [blogalchemy] [           main] o.h.e.t.j.p.i.JtaPlatformInitiator       : HHH000489: No JTA platform available (set 'hibernate.transaction.jta.platform' to enable JTA platform integration)
Hibernate: create table comment (id bigint generated by default as identity, author varchar(255) not null, content varchar(255) not null, created_at timestamp(6) not null, parent_id bigint, post_id bigint not null, primary key (id))
Hibernate: alter table if exists comment add constraint FKde3rfu96lep00br5ov0mdieyt foreign key (parent_id) references comment
Hibernate: alter table if exists comment add constraint FKs1slvnkuemjsq2kj4h3vhx7i1 foreign key (post_id) references post
2024-09-16T20:35:22.948-04:00  INFO 21590 --- [blogalchemy] [           main] j.LocalContainerEntityManagerFactoryBean : Initialized JPA EntityManagerFactory for persistence unit 'default'
2024-09-16T20:35:23.102-04:00  WARN 21590 --- [blogalchemy] [           main] JpaBaseConfiguration$JpaWebConfiguration : spring.jpa.open-in-view is enabled by default. Therefore, database queries may be performed during view rendering. Explicitly configure spring.jpa.open-in-view to disable this warning
2024-09-16T20:35:23.136-04:00 DEBUG 21590 --- [blogalchemy] [           main] s.w.s.m.m.a.RequestMappingHandlerMapping : 12 mappings in 'requestMappingHandlerMapping'
2024-09-16T20:35:23.194-04:00 DEBUG 21590 --- [blogalchemy] [           main] o.s.w.s.handler.SimpleUrlHandlerMapping  : Patterns [/webjars/**, /**] in 'resourceHandlerMapping'
2024-09-16T20:35:23.222-04:00 DEBUG 21590 --- [blogalchemy] [           main] s.w.s.m.m.a.RequestMappingHandlerAdapter : ControllerAdvice beans: 0 @ModelAttribute, 0 @InitBinder, 1 RequestBodyAdvice, 1 ResponseBodyAdvice
2024-09-16T20:35:23.235-04:00 DEBUG 21590 --- [blogalchemy] [           main] .m.m.a.ExceptionHandlerExceptionResolver : ControllerAdvice beans: 0 @ExceptionHandler, 1 ResponseBodyAdvice
2024-09-16T20:35:23.293-04:00  INFO 21590 --- [blogalchemy] [           main] c.e.b.BlogalchemyApplicationTests        : Started BlogalchemyApplicationTests in 1.77 seconds (process running for 2.182)
]]></system-out>
    <system-err><![CDATA[WARNING: A Java agent has been loaded dynamically (/Users/vidyasagar/.m2/repository/net/bytebuddy/byte-buddy-agent/1.14.18/byte-buddy-agent-1.14.18.jar)
WARNING: If a serviceability tool is in use, please run with -XX:+EnableDynamicAgentLoading to hide this warning
WARNING: If a serviceability tool is not in use, please run with -Djdk.instrument.traceUsage for more information
WARNING: Dynamic loading of agents will be disallowed by default in a future release
]]></system-err>
  </testcase>
</testsuite>